<?xml version="1.0" encoding="UTF-8"?>
<coverage generated="1631533379351" clover="3.2.0">
  <project timestamp="1631533379352" name="All files">
    <metrics statements="6" coveredstatements="6" conditionals="16" coveredconditionals="8" methods="4" coveredmethods="4" elements="26" coveredelements="18" complexity="0" loc="6" ncloc="6" packages="2" files="2" classes="2"/>
    <package name="error">
      <metrics statements="3" coveredstatements="3" conditionals="4" coveredconditionals="2" methods="2" coveredmethods="2"/>
      <file name="index.js" path="/Users/fdn-fitri/WebstormProjects/new-bibit/movie/response_mapping/error/index.js">
        <metrics statements="3" coveredstatements="3" conditionals="4" coveredconditionals="2" methods="2" coveredmethods="2"/>
        <line num="3" count="1" type="stmt"/>
        <line num="19" count="1" type="stmt"/>
        <line num="27" count="1" type="stmt"/>
      </file>
    </package>
    <package name="success">
      <metrics statements="3" coveredstatements="3" conditionals="12" coveredconditionals="6" methods="2" coveredmethods="2"/>
      <file name="index.js" path="/Users/fdn-fitri/WebstormProjects/new-bibit/movie/response_mapping/success/index.js">
        <metrics statements="3" coveredstatements="3" conditionals="12" coveredconditionals="6" methods="2" coveredmethods="2"/>
        <line num="4" count="1" type="stmt"/>
        <line num="20" count="1" type="stmt"/>
        <line num="30" count="1" type="stmt"/>
      </file>
    </package>
  </project>
</coverage>
