{"/Users/fdn-fitri/WebstormProjects/new-bibit/movie/response_mapping/error/index.js": {"path":"/Users/fdn-fitri/WebstormProjects/new-bibit/movie/response_mapping/error/index.js","statementMap":{"0":{"start":{"line":3,"column":8},"end":{"line":15,"column":10}},"1":{"start":{"line":19,"column":8},"end":{"line":23,"column":10}},"2":{"start":{"line":27,"column":0},"end":{"line":27,"column":27}}},"fnMap":{"0":{"name":"(anonymous_0)","decl":{"start":{"line":2,"column":4},"end":{"line":2,"column":5}},"loc":{"start":{"line":2,"column":42},"end":{"line":16,"column":5}},"line":2},"1":{"name":"(anonymous_1)","decl":{"start":{"line":18,"column":4},"end":{"line":18,"column":5}},"loc":{"start":{"line":18,"column":18},"end":{"line":24,"column":5}},"line":18}},"branchMap":{"0":{"loc":{"start":{"line":6,"column":19},"end":{"line":6,"column":33}},"type":"cond-expr","locations":[{"start":{"line":6,"column":25},"end":{"line":6,"column":30}},{"start":{"line":6,"column":31},"end":{"line":6,"column":33}}],"line":6},"1":{"loc":{"start":{"line":22,"column":19},"end":{"line":22,"column":33}},"type":"cond-expr","locations":[{"start":{"line":22,"column":25},"end":{"line":22,"column":30}},{"start":{"line":22,"column":31},"end":{"line":22,"column":33}}],"line":22}},"s":{"0":1,"1":1,"2":1},"f":{"0":1,"1":1},"b":{"0":[1,0],"1":[1,0]},"_coverageSchema":"1a1c01bbd47fc00a2c39e90264f33305004495a9","hash":"ba67a74de7ffdd51caf22cfac4c81bad73b22f05"}
,"/Users/fdn-fitri/WebstormProjects/new-bibit/movie/response_mapping/success/index.js": {"path":"/Users/fdn-fitri/WebstormProjects/new-bibit/movie/response_mapping/success/index.js","statementMap":{"0":{"start":{"line":4,"column":8},"end":{"line":16,"column":10}},"1":{"start":{"line":20,"column":8},"end":{"line":25,"column":10}},"2":{"start":{"line":30,"column":0},"end":{"line":30,"column":30}}},"fnMap":{"0":{"name":"(anonymous_0)","decl":{"start":{"line":3,"column":4},"end":{"line":3,"column":5}},"loc":{"start":{"line":3,"column":49},"end":{"line":17,"column":5}},"line":3},"1":{"name":"(anonymous_1)","decl":{"start":{"line":19,"column":4},"end":{"line":19,"column":5}},"loc":{"start":{"line":19,"column":31},"end":{"line":26,"column":5}},"line":19}},"branchMap":{"0":{"loc":{"start":{"line":5,"column":18},"end":{"line":5,"column":34}},"type":"cond-expr","locations":[{"start":{"line":5,"column":25},"end":{"line":5,"column":29}},{"start":{"line":5,"column":32},"end":{"line":5,"column":34}}],"line":5},"1":{"loc":{"start":{"line":7,"column":19},"end":{"line":7,"column":37}},"type":"cond-expr","locations":[{"start":{"line":7,"column":27},"end":{"line":7,"column":32}},{"start":{"line":7,"column":35},"end":{"line":7,"column":37}}],"line":7},"2":{"loc":{"start":{"line":12,"column":28},"end":{"line":12,"column":78}},"type":"cond-expr","locations":[{"start":{"line":12,"column":45},"end":{"line":12,"column":74}},{"start":{"line":12,"column":77},"end":{"line":12,"column":78}}],"line":12},"3":{"loc":{"start":{"line":13,"column":28},"end":{"line":13,"column":69}},"type":"cond-expr","locations":[{"start":{"line":13,"column":45},"end":{"line":13,"column":65}},{"start":{"line":13,"column":68},"end":{"line":13,"column":69}}],"line":13},"4":{"loc":{"start":{"line":21,"column":18},"end":{"line":21,"column":34}},"type":"cond-expr","locations":[{"start":{"line":21,"column":25},"end":{"line":21,"column":29}},{"start":{"line":21,"column":32},"end":{"line":21,"column":34}}],"line":21},"5":{"loc":{"start":{"line":23,"column":19},"end":{"line":23,"column":37}},"type":"cond-expr","locations":[{"start":{"line":23,"column":27},"end":{"line":23,"column":32}},{"start":{"line":23,"column":35},"end":{"line":23,"column":37}}],"line":23}},"s":{"0":1,"1":1,"2":1},"f":{"0":1,"1":1},"b":{"0":[1,0],"1":[1,0],"2":[0,1],"3":[0,1],"4":[1,0],"5":[0,1]},"_coverageSchema":"1a1c01bbd47fc00a2c39e90264f33305004495a9","hash":"5c41ae4689f955bb726887629f89e52988aedd9d"}
}
